  0%|          | 0.00/2.03M [00:00<?, ?B/s] 49%|████▉     | 1.00M/2.03M [00:00<00:00, 8.64MB/s]100%|██████████| 2.03M/2.03M [00:00<00:00, 10.1MB/s]
Downloading novel-corona-virus-2019-dataset.zip to /Users/luischavesrodriguez/Documents/ExtratimeWork/COVID19/EDA

COVID19_open_line_list.csv
time_series_covid_19_confirmed_US.csv
time_series_covid_19_recovered.csv
time_series_covid_19_deaths_US.csv
covid_19_data.csv
COVID19_line_list_data.csv
time_series_covid_19_deaths.csv
time_series_covid_19_confirmed.csv

Attaching package: ‘plotly’

The following object is masked from ‘package:ggplot2’:

    last_plot

The following object is masked from ‘package:stats’:

    filter

The following object is masked from ‘package:graphics’:

    layout

── Attaching packages ─────────────────────────────────────── tidyverse 1.3.0 ──
✔ tibble  3.0.3     ✔ dplyr   1.0.0
✔ tidyr   1.1.0     ✔ stringr 1.4.0
✔ readr   1.3.1     ✔ forcats 0.5.0
✔ purrr   0.3.4     
── Conflicts ────────────────────────────────────────── tidyverse_conflicts() ──
✖ dplyr::filter() masks plotly::filter(), stats::filter()
✖ dplyr::lag()    masks stats::lag()
here() starts at /Users/luischavesrodriguez/Documents/ExtratimeWork/COVID19/EDA

Attaching package: ‘kableExtra’

The following object is masked from ‘package:dplyr’:

    group_rows


Attaching package: ‘lubridate’

The following objects are masked from ‘package:base’:

    date, intersect, setdiff, union

[1] "Making tables..."
`summarise()` regrouping output by 'Continent' (override with `.groups` argument)
`summarise()` ungrouping output (override with `.groups` argument)
[1] "Making treemaps..."
`summarise()` ungrouping output (override with `.groups` argument)
`summarise()` ungrouping output (override with `.groups` argument)
[1] "Making curves over time..."
`summarise()` ungrouping output (override with `.groups` argument)
`summarise()` ungrouping output (override with `.groups` argument)
`summarise()` ungrouping output (override with `.groups` argument)
[1] "Making plots per day over time..."
`summarise()` ungrouping output (override with `.groups` argument)
`summarise()` ungrouping output (override with `.groups` argument)
`summarise()` ungrouping output (override with `.groups` argument)
[1] "Making GIFS..."
[1] "GIF 1 done."
[1] "GIF 2 done."
[1] "GIF 3 done."
Loading required namespace: rmarkdown
Discovering document dependencies... Error in output_format_function() : 
  could not find function "output_format_function"
Calls: <Anonymous> ... discover_rmd_resources -> is_pandoc_to_html -> %in%
Execution halted
